<?xml version="1.0" encoding="UTF-8"?>
<!-- Generated by org.testng.reporters.JUnitXMLReporter -->
<testsuite ignored="0" hostname="EN911182" failures="0" tests="6" name="Demo Folder" time="37.457" errors="0" timestamp="2022-03-16T03:35:49 COT">
  <testcase classname="challengePOM.Runner" name="failedLogin" time="1.019"/>
  <testcase classname="challengePOM.Runner" name="sortByDatesOnAscendingOrder" time="2.076"/>
  <testcase classname="challengePOM.Runner" name="successfulLogin" time="1.644"/>
  <testcase classname="challengePOM.Runner" name="successfulSearch" time="0.811"/>
  <testcase classname="challengePOM.Runner" name="validateActingTimeline" time="2.931"/>
  <testcase classname="challengePOM.Runner" name="verifyMovieGenreFilter" time="2.974"/>
</testsuite> <!-- Demo Folder -->
