<?xml version="1.0" encoding="UTF-8"?>
<testng-results ignored="0" total="6" passed="6" failed="0" skipped="0">
  <reporter-output>
  </reporter-output>
  <suite started-at="2022-03-16T03:35:12 COT" name="Demo Suite" finished-at="2022-03-16T03:35:49 COT" duration-ms="37457">
    <groups>
    </groups>
    <test started-at="2022-03-16T03:35:12 COT" name="Demo Folder" finished-at="2022-03-16T03:35:49 COT" duration-ms="37457">
      <class name="challengePOM.Runner">
        <test-method is-config="true" signature="setup()[pri:0, instance:challengePOM.Runner@18ce0030]" started-at="2022-03-16T03:35:12 COT" name="setup" finished-at="2022-03-16T03:35:18 COT" duration-ms="6292" status="PASS">
          <reporter-output>
          </reporter-output>
        </test-method> <!-- setup -->
        <test-method signature="failedLogin()[pri:0, instance:challengePOM.Runner@18ce0030]" started-at="2022-03-16T03:35:18 COT" name="failedLogin" finished-at="2022-03-16T03:35:19 COT" duration-ms="1019" status="PASS">
          <reporter-output>
          </reporter-output>
        </test-method> <!-- failedLogin -->
        <test-method is-config="true" signature="tearDown()[pri:0, instance:challengePOM.Runner@18ce0030]" started-at="2022-03-16T03:35:19 COT" name="tearDown" finished-at="2022-03-16T03:35:19 COT" duration-ms="200" status="PASS">
          <reporter-output>
          </reporter-output>
        </test-method> <!-- tearDown -->
        <test-method is-config="true" signature="setup()[pri:0, instance:challengePOM.Runner@18ce0030]" started-at="2022-03-16T03:35:19 COT" name="setup" finished-at="2022-03-16T03:35:23 COT" duration-ms="3706" status="PASS">
          <reporter-output>
          </reporter-output>
        </test-method> <!-- setup -->
        <test-method signature="sortByDatesOnAscendingOrder()[pri:0, instance:challengePOM.Runner@18ce0030]" started-at="2022-03-16T03:35:23 COT" name="sortByDatesOnAscendingOrder" finished-at="2022-03-16T03:35:25 COT" duration-ms="2076" status="PASS">
          <reporter-output>
          </reporter-output>
        </test-method> <!-- sortByDatesOnAscendingOrder -->
        <test-method is-config="true" signature="tearDown()[pri:0, instance:challengePOM.Runner@18ce0030]" started-at="2022-03-16T03:35:25 COT" name="tearDown" finished-at="2022-03-16T03:35:25 COT" duration-ms="198" status="PASS">
          <reporter-output>
          </reporter-output>
        </test-method> <!-- tearDown -->
        <test-method is-config="true" signature="setup()[pri:0, instance:challengePOM.Runner@18ce0030]" started-at="2022-03-16T03:35:25 COT" name="setup" finished-at="2022-03-16T03:35:29 COT" duration-ms="3652" status="PASS">
          <reporter-output>
          </reporter-output>
        </test-method> <!-- setup -->
        <test-method signature="successfulLogin()[pri:0, instance:challengePOM.Runner@18ce0030]" started-at="2022-03-16T03:35:29 COT" name="successfulLogin" finished-at="2022-03-16T03:35:30 COT" duration-ms="1644" status="PASS">
          <reporter-output>
          </reporter-output>
        </test-method> <!-- successfulLogin -->
        <test-method is-config="true" signature="tearDown()[pri:0, instance:challengePOM.Runner@18ce0030]" started-at="2022-03-16T03:35:30 COT" name="tearDown" finished-at="2022-03-16T03:35:31 COT" duration-ms="308" status="PASS">
          <reporter-output>
          </reporter-output>
        </test-method> <!-- tearDown -->
        <test-method is-config="true" signature="setup()[pri:0, instance:challengePOM.Runner@18ce0030]" started-at="2022-03-16T03:35:31 COT" name="setup" finished-at="2022-03-16T03:35:35 COT" duration-ms="4038" status="PASS">
          <reporter-output>
          </reporter-output>
        </test-method> <!-- setup -->
        <test-method signature="successfulSearch()[pri:0, instance:challengePOM.Runner@18ce0030]" started-at="2022-03-16T03:35:35 COT" name="successfulSearch" finished-at="2022-03-16T03:35:36 COT" duration-ms="811" status="PASS">
          <reporter-output>
          </reporter-output>
        </test-method> <!-- successfulSearch -->
        <test-method is-config="true" signature="tearDown()[pri:0, instance:challengePOM.Runner@18ce0030]" started-at="2022-03-16T03:35:36 COT" name="tearDown" finished-at="2022-03-16T03:35:36 COT" duration-ms="260" status="PASS">
          <reporter-output>
          </reporter-output>
        </test-method> <!-- tearDown -->
        <test-method is-config="true" signature="setup()[pri:0, instance:challengePOM.Runner@18ce0030]" started-at="2022-03-16T03:35:36 COT" name="setup" finished-at="2022-03-16T03:35:39 COT" duration-ms="3309" status="PASS">
          <reporter-output>
          </reporter-output>
        </test-method> <!-- setup -->
        <test-method signature="validateActingTimeline()[pri:0, instance:challengePOM.Runner@18ce0030]" started-at="2022-03-16T03:35:39 COT" name="validateActingTimeline" finished-at="2022-03-16T03:35:42 COT" duration-ms="2931" status="PASS">
          <reporter-output>
          </reporter-output>
        </test-method> <!-- validateActingTimeline -->
        <test-method is-config="true" signature="tearDown()[pri:0, instance:challengePOM.Runner@18ce0030]" started-at="2022-03-16T03:35:42 COT" name="tearDown" finished-at="2022-03-16T03:35:42 COT" duration-ms="279" status="PASS">
          <reporter-output>
          </reporter-output>
        </test-method> <!-- tearDown -->
        <test-method is-config="true" signature="setup()[pri:0, instance:challengePOM.Runner@18ce0030]" started-at="2022-03-16T03:35:42 COT" name="setup" finished-at="2022-03-16T03:35:46 COT" duration-ms="3513" status="PASS">
          <reporter-output>
          </reporter-output>
        </test-method> <!-- setup -->
        <test-method signature="verifyMovieGenreFilter()[pri:0, instance:challengePOM.Runner@18ce0030]" started-at="2022-03-16T03:35:46 COT" name="verifyMovieGenreFilter" finished-at="2022-03-16T03:35:49 COT" duration-ms="2974" status="PASS">
          <reporter-output>
          </reporter-output>
        </test-method> <!-- verifyMovieGenreFilter -->
        <test-method is-config="true" signature="tearDown()[pri:0, instance:challengePOM.Runner@18ce0030]" started-at="2022-03-16T03:35:49 COT" name="tearDown" finished-at="2022-03-16T03:35:49 COT" duration-ms="210" status="PASS">
          <reporter-output>
          </reporter-output>
        </test-method> <!-- tearDown -->
      </class> <!-- challengePOM.Runner -->
    </test> <!-- Demo Folder -->
  </suite> <!-- Demo Suite -->
</testng-results>
