-------------------------------------------------------------------------------
Test set: TestSuite
-------------------------------------------------------------------------------
Tests run: 8, Failures: 1, Errors: 0, Skipped: 0, Time elapsed: 94.512 s <<< FAILURE! - in TestSuite
challenge.tests.Tests.intentionallyFailedLogin  Time elapsed: 1.674 s  <<< FAILURE!
java.lang.AssertionError: expected [543n2FAIL!!!] but found [543n2]
	at challenge.tests.Tests.intentionallyFailedLogin(Tests.java:243)

