<?xml version="1.0" encoding="UTF-8"?>
<testsuite xmlns:xsi="http://www.w3.org/2001/XMLSchema-instance" xsi:noNamespaceSchemaLocation="https://maven.apache.org/surefire/maven-surefire-plugin/xsd/surefire-test-report-3.0.xsd" version="3.0" name="TestSuite" time="94.512" tests="8" errors="0" skipped="0" failures="1">
  <properties>
[...]
</properties>
  <testcase name="addMovieToListAPIAndUI" classname="challenge.tests.Tests" time="10.048">
    <system-out><![CDATA[09:15:33.065 [TestNG-tests-1] INFO  challenge.tests.Tests - Tests are starting.
09:15:34.499 [TestNG-tests-1] INFO  challenge.tests.Tests - addMovieToListAPIAndUI Test started.
09:15:39.244 [TestNG-tests-1] INFO  challenge.tests.Tests - Token requested. Obtained: 916adb6295e172bb654edd9602127fd96ad892a1
09:15:39.725 [TestNG-tests-1] INFO  challenge.tests.Tests - Sent request to login with username (543n2), password (543n2Movies).
09:15:39.895 [TestNG-tests-1] INFO  challenge.tests.Tests - Session Id requested. Obtained: e47228cb97bb963862ca45b049623616b72305e9
{
    "status_code": 1,
    "status_message": "The item/record was created successfully.",
    "success": true,
    "list_id": 8196096
}
{
    "status_code": 1,
    "status_message": "The item/record was created successfully.",
    "success": true,
    "list_id": 8196096
}
09:15:40.221 [TestNG-tests-1] INFO  challenge.tests.Tests - A List was created. List id: 8196096
09:15:40.417 [TestNG-tests-1] INFO  challenge.tests.Tests - The movie Blade Runner was added to the List with id: 78
09:15:41.993 [TestNG-tests-1] INFO  challenge.tests.Tests - Successful login Test ended.
09:15:44.682 [TestNG-tests-1] INFO  challenge.tests.Tests - addMovieToListAPIAndUI Test ended.
]]></system-out>
    <system-err><![CDATA[SLF4J: Failed to load class "org.slf4j.impl.StaticLoggerBinder".
SLF4J: Defaulting to no-operation (NOP) logger implementation
SLF4J: See http://www.slf4j.org/codes.html#StaticLoggerBinder for further details.
Starting ChromeDriver 99.0.4844.51 (d537ec02474b5afe23684e7963d538896c63ac77-refs/branch-heads/4844@{#875}) on port 33219
Only local connections are allowed.
Please see https://chromedriver.chromium.org/security-considerations for suggestions on keeping ChromeDriver safe.
ChromeDriver was started successfully.
Mar 24, 2022 9:15:32 AM org.openqa.selenium.remote.ProtocolHandshake createSession
INFO: Detected dialect: W3C
]]></system-err>
  </testcase>
  <testcase name="failedLogin" classname="challenge.tests.Tests" time="1.233">
    <system-out><![CDATA[09:15:44.695 [TestNG-tests-1] INFO  challenge.tests.Tests - Tests are ending.
09:15:51.585 [TestNG-tests-1] INFO  challenge.tests.Tests - Tests are starting.
09:15:52.838 [TestNG-tests-1] INFO  challenge.tests.Tests - failedLogin Test started.
09:15:54.111 [TestNG-tests-1] INFO  challenge.tests.Tests - failedLogin Test ended.
]]></system-out>
    <system-err><![CDATA[Starting ChromeDriver 99.0.4844.51 (d537ec02474b5afe23684e7963d538896c63ac77-refs/branch-heads/4844@{#875}) on port 17274
Only local connections are allowed.
Please see https://chromedriver.chromium.org/security-considerations for suggestions on keeping ChromeDriver safe.
ChromeDriver was started successfully.
Mar 24, 2022 9:15:51 AM org.openqa.selenium.remote.ProtocolHandshake createSession
INFO: Detected dialect: W3C
]]></system-err>
  </testcase>
  <testcase name="intentionallyFailedLogin" classname="challenge.tests.Tests" time="1.674">
    <failure message="expected [543n2FAIL!!!] but found [543n2]" type="java.lang.AssertionError"><![CDATA[java.lang.AssertionError: expected [543n2FAIL!!!] but found [543n2]
	at challenge.tests.Tests.intentionallyFailedLogin(Tests.java:243)
]]></failure>
    <system-out><![CDATA[09:15:54.115 [TestNG-tests-1] INFO  challenge.tests.Tests - Tests are ending.
09:16:00.713 [TestNG-tests-1] INFO  challenge.tests.Tests - Tests are starting.
09:16:01.954 [TestNG-tests-1] INFO  challenge.tests.Tests - intentionalFailedLogin Test started.
]]></system-out>
    <system-err><![CDATA[Starting ChromeDriver 99.0.4844.51 (d537ec02474b5afe23684e7963d538896c63ac77-refs/branch-heads/4844@{#875}) on port 46829
Only local connections are allowed.
Please see https://chromedriver.chromium.org/security-considerations for suggestions on keeping ChromeDriver safe.
ChromeDriver was started successfully.
Mar 24, 2022 9:16:00 AM org.openqa.selenium.remote.ProtocolHandshake createSession
INFO: Detected dialect: W3C
]]></system-err>
  </testcase>
  <testcase name="sortByDatesOnAscendingOrder" classname="challenge.tests.Tests" time="2.417">
    <system-out><![CDATA[09:16:07.272 [TestNG-tests-1] INFO  challenge.tests.Tests - A screenshot was taken for intentionallyFailedLogin failed test.
09:16:07.274 [TestNG-tests-1] INFO  challenge.tests.Tests - Tests are ending.
09:16:13.534 [TestNG-tests-1] INFO  challenge.tests.Tests - Tests are starting.
09:16:14.635 [TestNG-tests-1] INFO  challenge.tests.Tests - sortByDatesOnAscendingOrder Test started.
09:16:17.111 [TestNG-tests-1] INFO  challenge.tests.Tests - sortByDatesOnAscendingOrder Test ended.
]]></system-out>
    <system-err><![CDATA[Starting ChromeDriver 99.0.4844.51 (d537ec02474b5afe23684e7963d538896c63ac77-refs/branch-heads/4844@{#875}) on port 47453
Only local connections are allowed.
Please see https://chromedriver.chromium.org/security-considerations for suggestions on keeping ChromeDriver safe.
ChromeDriver was started successfully.
Mar 24, 2022 9:16:13 AM org.openqa.selenium.remote.ProtocolHandshake createSession
INFO: Detected dialect: W3C
]]></system-err>
  </testcase>
  <testcase name="successfulLogin" classname="challenge.tests.Tests" time="2.045">
    <system-out><![CDATA[09:16:17.116 [TestNG-tests-1] INFO  challenge.tests.Tests - Tests are ending.
09:16:23.762 [TestNG-tests-1] INFO  challenge.tests.Tests - Tests are starting.
09:16:24.987 [TestNG-tests-1] INFO  challenge.tests.Tests - successfulLogin Test started.
09:16:27.054 [TestNG-tests-1] INFO  challenge.tests.Tests - successfulLogin Test ended.
]]></system-out>
    <system-err><![CDATA[Starting ChromeDriver 99.0.4844.51 (d537ec02474b5afe23684e7963d538896c63ac77-refs/branch-heads/4844@{#875}) on port 7827
Only local connections are allowed.
Please see https://chromedriver.chromium.org/security-considerations for suggestions on keeping ChromeDriver safe.
ChromeDriver was started successfully.
Mar 24, 2022 9:16:23 AM org.openqa.selenium.remote.ProtocolHandshake createSession
INFO: Detected dialect: W3C
]]></system-err>
  </testcase>
  <testcase name="successfulSearch" classname="challenge.tests.Tests" time="1.012">
    <system-out><![CDATA[09:16:27.059 [TestNG-tests-1] INFO  challenge.tests.Tests - Tests are ending.
09:16:33.276 [TestNG-tests-1] INFO  challenge.tests.Tests - Tests are starting.
09:16:34.572 [TestNG-tests-1] INFO  challenge.tests.Tests - successfulSearch Test started.
09:16:35.613 [TestNG-tests-1] INFO  challenge.tests.Tests - successfulSearch Test ended.
]]></system-out>
    <system-err><![CDATA[Starting ChromeDriver 99.0.4844.51 (d537ec02474b5afe23684e7963d538896c63ac77-refs/branch-heads/4844@{#875}) on port 17515
Only local connections are allowed.
Please see https://chromedriver.chromium.org/security-considerations for suggestions on keeping ChromeDriver safe.
ChromeDriver was started successfully.
Mar 24, 2022 9:16:33 AM org.openqa.selenium.remote.ProtocolHandshake createSession
INFO: Detected dialect: W3C
]]></system-err>
  </testcase>
  <testcase name="validateActingTimeline" classname="challenge.tests.Tests" time="3.396">
    <system-out><![CDATA[09:16:35.618 [TestNG-tests-1] INFO  challenge.tests.Tests - Tests are ending.
09:16:42.288 [TestNG-tests-1] INFO  challenge.tests.Tests - Tests are starting.
09:16:43.469 [TestNG-tests-1] INFO  challenge.tests.Tests - validateActingTimeline Test started.
09:16:46.911 [TestNG-tests-1] INFO  challenge.tests.Tests - validateActingTimeline Test ended.
]]></system-out>
    <system-err><![CDATA[Starting ChromeDriver 99.0.4844.51 (d537ec02474b5afe23684e7963d538896c63ac77-refs/branch-heads/4844@{#875}) on port 16287
Only local connections are allowed.
Please see https://chromedriver.chromium.org/security-considerations for suggestions on keeping ChromeDriver safe.
ChromeDriver was started successfully.
Mar 24, 2022 9:16:42 AM org.openqa.selenium.remote.ProtocolHandshake createSession
INFO: Detected dialect: W3C
]]></system-err>
  </testcase>
  <testcase name="verifyMovieGenreFilter" classname="challenge.tests.Tests" time="4.013">
    <system-out><![CDATA[09:16:46.915 [TestNG-tests-1] INFO  challenge.tests.Tests - Tests are ending.
09:16:50.566 [TestNG-tests-1] INFO  challenge.tests.Tests - Tests are starting.
09:16:52.052 [TestNG-tests-1] INFO  challenge.tests.Tests - verifyMovieGenreFilter Test started.
09:16:56.135 [TestNG-tests-1] INFO  challenge.tests.Tests - verifyMovieGenreFilter Test ended.
]]></system-out>
    <system-err><![CDATA[Starting ChromeDriver 99.0.4844.51 (d537ec02474b5afe23684e7963d538896c63ac77-refs/branch-heads/4844@{#875}) on port 19759
Only local connections are allowed.
Please see https://chromedriver.chromium.org/security-considerations for suggestions on keeping ChromeDriver safe.
ChromeDriver was started successfully.
Mar 24, 2022 9:16:50 AM org.openqa.selenium.remote.ProtocolHandshake createSession
INFO: Detected dialect: W3C
]]></system-err>
  </testcase>
</testsuite>